2020-05-21 14:58:14.841  INFO 12260 --- [main] com.sts.demo.DemoApplication             : Starting DemoApplication on LAPTOP-30FK8500 with PID 12260 (C:\Users\Hp\git\springproject\target\classes started by Hp in C:\Users\Hp\git\springproject)
2020-05-21 14:58:14.845  INFO 12260 --- [main] com.sts.demo.DemoApplication             : No active profile set, falling back to default profiles: default
2020-05-21 14:58:15.539  INFO 12260 --- [main] .s.d.r.c.RepositoryConfigurationDelegate : Bootstrapping Spring Data JPA repositories in DEFAULT mode.
2020-05-21 14:58:15.629  INFO 12260 --- [main] .s.d.r.c.RepositoryConfigurationDelegate : Finished Spring Data repository scanning in 75ms. Found 3 JPA repository interfaces.
2020-05-21 14:58:16.525  INFO 12260 --- [main] o.s.b.w.embedded.tomcat.TomcatWebServer  : Tomcat initialized with port(s): 8282 (http)
2020-05-21 14:58:16.545  INFO 12260 --- [main] o.apache.catalina.core.StandardService   : Starting service [Tomcat]
2020-05-21 14:58:16.545  INFO 12260 --- [main] org.apache.catalina.core.StandardEngine  : Starting Servlet engine: [Apache Tomcat/9.0.33]
2020-05-21 14:58:16.837  INFO 12260 --- [main] o.a.c.c.C.[Tomcat].[localhost].[/]       : Initializing Spring embedded WebApplicationContext
2020-05-21 14:58:16.837  INFO 12260 --- [main] o.s.web.context.ContextLoader            : Root WebApplicationContext: initialization completed in 1894 ms
2020-05-21 14:58:17.101  INFO 12260 --- [main] o.hibernate.jpa.internal.util.LogHelper  : HHH000204: Processing PersistenceUnitInfo [name: default]
2020-05-21 14:58:17.241  INFO 12260 --- [main] org.hibernate.Version                    : HHH000412: Hibernate ORM core version 5.4.12.Final
2020-05-21 14:58:17.424  INFO 12260 --- [main] o.hibernate.annotations.common.Version   : HCANN000001: Hibernate Commons Annotations {5.1.0.Final}
2020-05-21 14:58:17.668  INFO 12260 --- [main] com.zaxxer.hikari.HikariDataSource       : HikariPool-1 - Starting...
2020-05-21 14:58:19.637  INFO 12260 --- [main] com.zaxxer.hikari.HikariDataSource       : HikariPool-1 - Start completed.
2020-05-21 14:58:19.709  INFO 12260 --- [main] org.hibernate.dialect.Dialect            : HHH000400: Using dialect: org.hibernate.dialect.MySQL5Dialect
2020-05-21 14:58:21.457  INFO 12260 --- [main] o.h.e.t.j.p.i.JtaPlatformInitiator       : HHH000490: Using JtaPlatform implementation: [org.hibernate.engine.transaction.jta.platform.internal.NoJtaPlatform]
2020-05-21 14:58:21.471  INFO 12260 --- [main] j.LocalContainerEntityManagerFactoryBean : Initialized JPA EntityManagerFactory for persistence unit 'default'
2020-05-21 14:58:23.299  WARN 12260 --- [main] JpaBaseConfiguration$JpaWebConfiguration : spring.jpa.open-in-view is enabled by default. Therefore, database queries may be performed during view rendering. Explicitly configure spring.jpa.open-in-view to disable this warning
2020-05-21 14:58:23.537  INFO 12260 --- [main] o.s.s.concurrent.ThreadPoolTaskExecutor  : Initializing ExecutorService 'applicationTaskExecutor'
2020-05-21 14:58:24.047  INFO 12260 --- [main] o.s.b.w.embedded.tomcat.TomcatWebServer  : Tomcat started on port(s): 8282 (http) with context path ''
2020-05-21 14:58:24.051  INFO 12260 --- [main] com.sts.demo.DemoApplication             : Started DemoApplication in 9.737 seconds (JVM running for 10.787)
2020-05-21 14:58:58.261  INFO 12260 --- [RMI TCP Connection(3)-127.0.0.1] inMXBeanRegistrar$SpringApplicationAdmin : Application shutdown requested.
2020-05-21 14:58:58.266  INFO 12260 --- [RMI TCP Connection(3)-127.0.0.1] o.s.s.concurrent.ThreadPoolTaskExecutor  : Shutting down ExecutorService 'applicationTaskExecutor'
2020-05-21 14:58:58.270  INFO 12260 --- [RMI TCP Connection(3)-127.0.0.1] j.LocalContainerEntityManagerFactoryBean : Closing JPA EntityManagerFactory for persistence unit 'default'
2020-05-21 14:58:58.274  INFO 12260 --- [RMI TCP Connection(3)-127.0.0.1] com.zaxxer.hikari.HikariDataSource       : HikariPool-1 - Shutdown initiated...
2020-05-21 14:58:58.282  INFO 12260 --- [RMI TCP Connection(3)-127.0.0.1] com.zaxxer.hikari.HikariDataSource       : HikariPool-1 - Shutdown completed.
